Flutter crash report; please file at https://github.com/flutter/flutter/issues.

## command

flutter run --machine --target lib/main.dart -d 242F7CAC-1B43-4E76-AEBB-83F3F95CDD99 --track-widget-creation --start-paused

## exception

ArgumentError: Invalid argument(s): Cannot find executable for /Users/olivergomes/Developer/flutter/bin/cache/dart-sdk/bin/dart.

```
#0      _getExecutable (package:process/src/interface/local_process_manager.dart:127:5)
#1      LocalProcessManager.start (package:process/src/interface/local_process_manager.dart:43:30)
#2      DefaultResidentCompiler._compile (package:flutter_tools/src/compile.dart:694:36)
#3      DefaultResidentCompiler._recompile (package:flutter_tools/src/compile.dart:601:14)
#4      _RecompileRequest._run (package:flutter_tools/src/compile.dart:415:16)
#5      _CompilationRequest.run (package:flutter_tools/src/compile.dart:395:30)
#6      DefaultResidentCompiler._handleCompilationRequest (package:flutter_tools/src/compile.dart:635:23)
#7      _rootRunUnary (dart:async/zone.dart:1134:38)
#8      _CustomZone.runUnary (dart:async/zone.dart:1031:19)
#9      _CustomZone.runUnaryGuarded (dart:async/zone.dart:933:7)
#10     _BufferingStreamSubscription._sendData (dart:async/stream_impl.dart:339:11)
#11     _DelayedData.perform (dart:async/stream_impl.dart:594:14)
#12     _StreamImplEvents.handleNext (dart:async/stream_impl.dart:710:11)
#13     _PendingEvents.schedule.<anonymous closure> (dart:async/stream_impl.dart:670:7)
#14     _rootRun (dart:async/zone.dart:1122:38)
#15     _CustomZone.run (dart:async/zone.dart:1023:19)
#16     _CustomZone.runGuarded (dart:async/zone.dart:925:7)
#17     _CustomZone.bindCallbackGuarded.<anonymous closure> (dart:async/zone.dart:965:23)
#18     _rootRun (dart:async/zone.dart:1126:13)
#19     _CustomZone.run (dart:async/zone.dart:1023:19)
#20     _CustomZone.runGuarded (dart:async/zone.dart:925:7)
#21     _CustomZone.bindCallbackGuarded.<anonymous closure> (dart:async/zone.dart:965:23)
#22     _microtaskLoop (dart:async/schedule_microtask.dart:43:21)
#23     _startMicrotaskLoop (dart:async/schedule_microtask.dart:52:5)
#24     _runPendingImmediateCallback (dart:isolate-patch/isolate_patch.dart:118:13)
#25     _RawReceivePortImpl._handleMessage (dart:isolate-patch/isolate_patch.dart:175:5)
```

## flutter doctor

```
[✓] Flutter (Channel beta, v1.13.6, on Mac OS X 10.15 19A602, locale en-US)
    • Flutter version 1.13.6 at /Users/olivergomes/Developer/flutter
    • Framework revision 659dc8129d (3 weeks ago), 2020-01-28 07:56:51 -0800
    • Engine revision c4229bfbba
    • Dart version 2.8.0 (build 2.8.0-dev.0.0 c547f5d933)

[✓] Android toolchain - develop for Android devices (Android SDK version 28.0.3)
    • Android SDK at /Users/olivergomes/Library/Android/sdk
    • Android NDK location not configured (optional; useful for native profiling support)
    • Platform android-28, build-tools 28.0.3
    • Java binary at: /Applications/Android Studio.app/Contents/jre/jdk/Contents/Home/bin/java
    • Java version OpenJDK Runtime Environment (build 1.8.0_152-release-1343-b01)
    • All Android licenses accepted.

[✓] Xcode - develop for iOS and macOS (Xcode 11.1)
    • Xcode at /Applications/Xcode.app/Contents/Developer
    • Xcode 11.1, Build version 11A1027
    • CocoaPods version 1.8.4

[✓] Chrome - develop for the web
    • Chrome at /Applications/Google Chrome.app/Contents/MacOS/Google Chrome

[✓] Android Studio (version 3.4)
    • Android Studio at /Applications/Android Studio.app/Contents
    • Flutter plugin version 39.0.1
    • Dart plugin version 183.6270
    • Java version OpenJDK Runtime Environment (build 1.8.0_152-release-1343-b01)

[✓] Connected device (3 available)
    • iPhone 11 Pro Max • 242F7CAC-1B43-4E76-AEBB-83F3F95CDD99 • ios            • com.apple.CoreSimulator.SimRuntime.iOS-13-1 (simulator)
    • Chrome            • chrome                               • web-javascript • Google Chrome 79.0.3945.130
    • Web Server        • web-server                           • web-javascript • Flutter Tools

• No issues found!
```
